Warning: Failed writing log files to directory [/var/log/nvidia-mps]. No logs will be available.
[2023-10-27 09:46:41.519 Control 15137] Starting control daemon using socket /tmp/nvidia-mps/control
[2023-10-27 09:46:41.519 Control 15137] To connect CUDA applications to this daemon, set env CUDA_MPS_PIPE_DIRECTORY=/tmp/nvidia-mps
[2023-10-27 09:46:47.386 Control 15137] Accepting connection...
[2023-10-27 09:46:47.386 Control 15137] User did not send valid credentials
[2023-10-27 09:46:47.386 Control 15137] Accepting connection...
[2023-10-27 09:46:47.386 Control 15137] NEW CLIENT 15178 from user 1000: Server is not ready, push client to pending list
[2023-10-27 09:46:47.387 Control 15137] Starting new server 15214 for user 1000
[2023-10-27 09:46:47.388 Control 15137] Accepting connection...
[2023-10-27 09:46:47.388 Control 15137] User did not send valid credentials
[2023-10-27 09:46:47.388 Control 15137] Accepting connection...
[2023-10-27 09:46:47.388 Control 15137] NEW CLIENT 15179 from user 1000: Server is not ready, push client to pending list
[2023-10-27 09:46:47.389 Control 15137] Accepting connection...
[2023-10-27 09:46:47.389 Control 15137] User did not send valid credentials
[2023-10-27 09:46:47.389 Control 15137] Accepting connection...
[2023-10-27 09:46:47.389 Control 15137] NEW CLIENT 15180 from user 1000: Server is not ready, push client to pending list
[2023-10-27 09:46:47.390 Control 15137] Accepting connection...
[2023-10-27 09:46:47.390 Control 15137] User did not send valid credentials
[2023-10-27 09:46:47.390 Control 15137] Accepting connection...
[2023-10-27 09:46:47.390 Control 15137] NEW CLIENT 15182 from user 1000: Server is not ready, push client to pending list
[2023-10-27 09:46:47.390 Control 15137] Accepting connection...
[2023-10-27 09:46:47.390 Control 15137] User did not send valid credentials
[2023-10-27 09:46:47.390 Control 15137] Accepting connection...
[2023-10-27 09:46:47.390 Control 15137] NEW CLIENT 15186 from user 1000: Server is not ready, push client to pending list
[2023-10-27 09:46:47.392 Control 15137] Accepting connection...
[2023-10-27 09:46:47.392 Control 15137] User did not send valid credentials
[2023-10-27 09:46:47.392 Control 15137] Accepting connection...
[2023-10-27 09:46:47.392 Control 15137] NEW CLIENT 15181 from user 1000: Server is not ready, push client to pending list
[2023-10-27 09:46:47.392 Control 15137] Accepting connection...
[2023-10-27 09:46:47.392 Control 15137] User did not send valid credentials
[2023-10-27 09:46:47.392 Control 15137] Accepting connection...
[2023-10-27 09:46:47.392 Control 15137] NEW CLIENT 15183 from user 1000: Server is not ready, push client to pending list
[2023-10-27 09:46:47.393 Control 15137] Accepting connection...
[2023-10-27 09:46:47.394 Control 15137] User did not send valid credentials
[2023-10-27 09:46:47.394 Control 15137] Accepting connection...
[2023-10-27 09:46:47.394 Control 15137] User did not send valid credentials
[2023-10-27 09:46:47.394 Control 15137] Accepting connection...
[2023-10-27 09:46:47.394 Control 15137] NEW CLIENT 15187 from user 1000: Server is not ready, push client to pending list
[2023-10-27 09:46:47.394 Control 15137] Accepting connection...
[2023-10-27 09:46:47.394 Control 15137] NEW CLIENT 15184 from user 1000: Server is not ready, push client to pending list
[2023-10-27 09:46:47.394 Control 15137] Accepting connection...
[2023-10-27 09:46:47.394 Control 15137] User did not send valid credentials
[2023-10-27 09:46:47.394 Control 15137] Accepting connection...
[2023-10-27 09:46:47.394 Control 15137] NEW CLIENT 15188 from user 1000: Server is not ready, push client to pending list
[2023-10-27 09:46:47.397 Control 15137] Accepting connection...
[2023-10-27 09:46:47.397 Control 15137] User did not send valid credentials
[2023-10-27 09:46:47.397 Control 15137] Accepting connection...
[2023-10-27 09:46:47.397 Control 15137] NEW CLIENT 15185 from user 1000: Server is not ready, push client to pending list
[2023-10-27 09:46:47.398 Control 15137] Accepting connection...
[2023-10-27 09:46:47.398 Control 15137] User did not send valid credentials
[2023-10-27 09:46:47.398 Control 15137] Accepting connection...
[2023-10-27 09:46:47.398 Control 15137] NEW CLIENT 15189 from user 1000: Server is not ready, push client to pending list
[2023-10-27 09:46:47.408 Other 15214] Startup
[2023-10-27 09:46:47.408 Other 15214] Connecting to control daemon on socket: /tmp/nvidia-mps/control
[2023-10-27 09:46:47.408 Control 15137] Accepting connection...
[2023-10-27 09:46:47.408 Other 15214] Initializing server process
[2023-10-27 09:46:47.428 Server 15214] Creating server context on device 0 (NVIDIA GeForce RTX 3080 Ti)
[2023-10-27 09:46:47.477 Server 15214] Created named shared memory region /cuda.shm.3e8.3b6e.1
[2023-10-27 09:46:47.477 Control 15137] NEW SERVER 15214: Ready
[2023-10-27 09:46:47.477 Server 15214] Active Threads Percentage set to 100.0
[2023-10-27 09:46:47.478 Server 15214] Server has started
[2023-10-27 09:46:47.478 Server 15214] Received new client request
[2023-10-27 09:46:47.478 Server 15214] Worker created
[2023-10-27 09:46:47.478 Server 15214] Creating worker thread
[2023-10-27 09:46:47.478 Server 15214] Received new client request
[2023-10-27 09:46:47.478 Server 15214] Worker created
[2023-10-27 09:46:47.478 Server 15214] Creating worker thread
[2023-10-27 09:46:47.478 Server 15214] Received new client request
[2023-10-27 09:46:47.478 Server 15214] Worker created
[2023-10-27 09:46:47.478 Server 15214] Creating worker thread
[2023-10-27 09:46:47.478 Server 15214] Received new client request
[2023-10-27 09:46:47.478 Server 15214] Worker created
[2023-10-27 09:46:47.478 Server 15214] Creating worker thread
[2023-10-27 09:46:47.479 Server 15214] Received new client request
[2023-10-27 09:46:47.479 Server 15214] Worker created
[2023-10-27 09:46:47.479 Server 15214] Creating worker thread
[2023-10-27 09:46:47.479 Server 15214] Received new client request
[2023-10-27 09:46:47.510 Server 15214] Worker created
[2023-10-27 09:46:47.510 Server 15214] Creating worker thread
[2023-10-27 09:46:47.510 Server 15214] Received new client request
[2023-10-27 09:46:47.510 Server 15214] Worker created
[2023-10-27 09:46:47.510 Server 15214] Received new client request
[2023-10-27 09:46:47.510 Server 15214] Creating worker thread
[2023-10-27 09:46:47.510 Server 15214] Worker created
[2023-10-27 09:46:47.510 Server 15214] Creating worker thread
[2023-10-27 09:46:47.510 Server 15214] Received new client request
[2023-10-27 09:46:47.510 Server 15214] Worker created
[2023-10-27 09:46:47.510 Server 15214] Creating worker thread
[2023-10-27 09:46:47.510 Server 15214] Received new client request
[2023-10-27 09:46:47.510 Server 15214] Worker created
[2023-10-27 09:46:47.510 Server 15214] Creating worker thread
[2023-10-27 09:46:47.510 Server 15214] Received new client request
[2023-10-27 09:46:47.510 Server 15214] Worker created
[2023-10-27 09:46:47.510 Server 15214] Creating worker thread
[2023-10-27 09:46:47.510 Server 15214] Received new client request
[2023-10-27 09:46:47.511 Server 15214] Worker created
[2023-10-27 09:46:47.511 Server 15214] Creating worker thread
[2023-10-27 09:46:47.511 Control 15137] Accepting connection...
[2023-10-27 09:46:47.511 Control 15137] NEW CLIENT 15188 from user 1000: Server already exists
[2023-10-27 09:46:47.511 Server 15214] Received new client request
[2023-10-27 09:46:47.511 Server 15214] Worker created
[2023-10-27 09:46:47.511 Control 15137] Accepting connection...
[2023-10-27 09:46:47.511 Server 15214] Creating worker thread
[2023-10-27 09:46:47.511 Server 15214] Device NVIDIA GeForce RTX 3080 Ti (uuid 0xa3745cc8-0xb1987631-0x9f90120-0xdff4e21d) is associated
[2023-10-27 09:46:47.511 Control 15137] NEW CLIENT 15189 from user 1000: Server already exists
[2023-10-27 09:46:47.511 Server 15214] Received new client request
[2023-10-27 09:46:47.511 Server 15214] Worker created
[2023-10-27 09:46:47.511 Server 15214] Creating worker thread
[2023-10-27 09:46:47.511 Server 15214] Status of client {15188, 1} is ACTIVE
[2023-10-27 09:46:47.511 Control 15137] Accepting connection...
[2023-10-27 09:46:47.511 Server 15214] Device NVIDIA GeForce RTX 3080 Ti (uuid 0xa3745cc8-0xb1987631-0x9f90120-0xdff4e21d) is associated
[2023-10-27 09:46:47.511 Server 15214] Status of client {15189, 1} is ACTIVE
[2023-10-27 09:46:47.511 Control 15137] NEW CLIENT 15185 from user 1000: Server already exists
[2023-10-27 09:46:47.511 Server 15214] Received new client request
[2023-10-27 09:46:47.511 Server 15214] Worker created
[2023-10-27 09:46:47.511 Server 15214] Creating worker thread
[2023-10-27 09:46:47.511 Control 15137] Accepting connection...
[2023-10-27 09:46:47.511 Server 15214] Device NVIDIA GeForce RTX 3080 Ti (uuid 0xa3745cc8-0xb1987631-0x9f90120-0xdff4e21d) is associated
[2023-10-27 09:46:47.511 Server 15214] Status of client {15185, 1} is ACTIVE
[2023-10-27 09:46:47.511 Control 15137] NEW CLIENT 15184 from user 1000: Server already exists
[2023-10-27 09:46:47.511 Server 15214] Received new client request
[2023-10-27 09:46:47.511 Server 15214] Worker created
[2023-10-27 09:46:47.511 Server 15214] Creating worker thread
[2023-10-27 09:46:47.511 Control 15137] Accepting connection...
[2023-10-27 09:46:47.511 Server 15214] Device NVIDIA GeForce RTX 3080 Ti (uuid 0xa3745cc8-0xb1987631-0x9f90120-0xdff4e21d) is associated
[2023-10-27 09:46:47.511 Server 15214] Status of client {15184, 1} is ACTIVE
[2023-10-27 09:46:47.511 Control 15137] NEW CLIENT 15187 from user 1000: Server already exists
[2023-10-27 09:46:47.511 Server 15214] Received new client request
[2023-10-27 09:46:47.512 Server 15214] Worker created
[2023-10-27 09:46:47.512 Server 15214] Creating worker thread
[2023-10-27 09:46:47.512 Server 15214] Device NVIDIA GeForce RTX 3080 Ti (uuid 0xa3745cc8-0xb1987631-0x9f90120-0xdff4e21d) is associated
[2023-10-27 09:46:47.512 Server 15214] Status of client {15187, 1} is ACTIVE
[2023-10-27 09:46:47.589 Control 15137] Accepting connection...
[2023-10-27 09:46:47.589 Control 15137] NEW CLIENT 15180 from user 1000: Server already exists
[2023-10-27 09:46:47.589 Server 15214] Received new client request
[2023-10-27 09:46:47.590 Server 15214] Worker created
[2023-10-27 09:46:47.590 Server 15214] Creating worker thread
[2023-10-27 09:46:47.590 Server 15214] Device NVIDIA GeForce RTX 3080 Ti (uuid 0xa3745cc8-0xb1987631-0x9f90120-0xdff4e21d) is associated
[2023-10-27 09:46:47.590 Server 15214] Status of client {15180, 1} is ACTIVE
[2023-10-27 09:46:47.590 Control 15137] Accepting connection...
[2023-10-27 09:46:47.590 Control 15137] NEW CLIENT 15181 from user 1000: Server already exists
[2023-10-27 09:46:47.590 Server 15214] Received new client request
[2023-10-27 09:46:47.618 Server 15214] Worker created
[2023-10-27 09:46:47.618 Server 15214] Creating worker thread
[2023-10-27 09:46:47.618 Control 15137] Accepting connection...
[2023-10-27 09:46:47.618 Server 15214] Device NVIDIA GeForce RTX 3080 Ti (uuid 0xa3745cc8-0xb1987631-0x9f90120-0xdff4e21d) is associated
[2023-10-27 09:46:47.618 Server 15214] Status of client {15181, 1} is ACTIVE
[2023-10-27 09:46:47.618 Control 15137] NEW CLIENT 15183 from user 1000: Server already exists
[2023-10-27 09:46:47.618 Server 15214] Received new client request
[2023-10-27 09:46:47.618 Server 15214] Worker created
[2023-10-27 09:46:47.618 Server 15214] Creating worker thread
[2023-10-27 09:46:47.618 Control 15137] Accepting connection...
[2023-10-27 09:46:47.618 Server 15214] Device NVIDIA GeForce RTX 3080 Ti (uuid 0xa3745cc8-0xb1987631-0x9f90120-0xdff4e21d) is associated
[2023-10-27 09:46:47.618 Server 15214] Status of client {15183, 1} is ACTIVE
[2023-10-27 09:46:47.618 Control 15137] NEW CLIENT 15182 from user 1000: Server already exists
[2023-10-27 09:46:47.618 Server 15214] Received new client request
[2023-10-27 09:46:47.618 Server 15214] Worker created
[2023-10-27 09:46:47.618 Server 15214] Creating worker thread
[2023-10-27 09:46:47.618 Server 15214] Device NVIDIA GeForce RTX 3080 Ti (uuid 0xa3745cc8-0xb1987631-0x9f90120-0xdff4e21d) is associated
[2023-10-27 09:46:47.618 Control 15137] Accepting connection...
[2023-10-27 09:46:47.618 Server 15214] Status of client {15182, 1} is ACTIVE
[2023-10-27 09:46:47.618 Control 15137] NEW CLIENT 15178 from user 1000: Server already exists
[2023-10-27 09:46:47.618 Server 15214] Received new client request
[2023-10-27 09:46:47.618 Server 15214] Worker created
[2023-10-27 09:46:47.618 Server 15214] Creating worker thread
[2023-10-27 09:46:47.618 Control 15137] Accepting connection...
[2023-10-27 09:46:47.618 Server 15214] Device NVIDIA GeForce RTX 3080 Ti (uuid 0xa3745cc8-0xb1987631-0x9f90120-0xdff4e21d) is associated
[2023-10-27 09:46:47.618 Server 15214] Status of client {15178, 1} is ACTIVE
[2023-10-27 09:46:47.618 Control 15137] NEW CLIENT 15179 from user 1000: Server already exists
[2023-10-27 09:46:47.619 Server 15214] Received new client request
[2023-10-27 09:46:47.619 Server 15214] Worker created
[2023-10-27 09:46:47.619 Server 15214] Creating worker thread
[2023-10-27 09:46:47.619 Server 15214] Device NVIDIA GeForce RTX 3080 Ti (uuid 0xa3745cc8-0xb1987631-0x9f90120-0xdff4e21d) is associated
[2023-10-27 09:46:47.619 Control 15137] Accepting connection...
[2023-10-27 09:46:47.619 Server 15214] Status of client {15179, 1} is ACTIVE
[2023-10-27 09:46:47.619 Control 15137] NEW CLIENT 15186 from user 1000: Server already exists
[2023-10-27 09:46:47.619 Server 15214] Received new client request
[2023-10-27 09:46:47.619 Server 15214] Worker created
[2023-10-27 09:46:47.619 Server 15214] Creating worker thread
[2023-10-27 09:46:47.619 Server 15214] Device NVIDIA GeForce RTX 3080 Ti (uuid 0xa3745cc8-0xb1987631-0x9f90120-0xdff4e21d) is associated
[2023-10-27 09:46:47.619 Server 15214] Status of client {15186, 1} is ACTIVE
[2023-10-27 09:47:46.951 Server 15214] Receive command failed, assuming client exit
[2023-10-27 09:47:46.951 Server 15214] Client {15178, 1} exit
[2023-10-27 09:47:46.951 Server 15214] Client disconnected. Number of active client contexts is 11.
[2023-10-27 09:47:46.952 Server 15214] Receive command failed, assuming client exit
[2023-10-27 09:47:46.952 Server 15214] Client {15179, 1} exit
[2023-10-27 09:47:46.952 Server 15214] Client disconnected. Number of active client contexts is 10.
[2023-10-27 09:47:46.952 Server 15214] Receive command failed, assuming client exit
[2023-10-27 09:47:46.952 Server 15214] Client {15180, 1} exit
[2023-10-27 09:47:46.952 Server 15214] Client disconnected. Number of active client contexts is 9.
[2023-10-27 09:47:46.956 Server 15214] Receive command failed, assuming client exit
[2023-10-27 09:47:46.956 Server 15214] Client process disconnected
[2023-10-27 09:47:46.956 Server 15214] Receive command failed, assuming client exit
[2023-10-27 09:47:46.956 Server 15214] Client {15183, 1} exit
[2023-10-27 09:47:46.956 Server 15214] Client disconnected. Number of active client contexts is 8.
[2023-10-27 09:47:46.958 Server 15214] Receive command failed, assuming client exit
[2023-10-27 09:47:46.958 Server 15214] Client {15185, 1} exit
[2023-10-27 09:47:46.958 Server 15214] Client disconnected. Number of active client contexts is 7.
[2023-10-27 09:47:46.958 Server 15214] Receive command failed, assuming client exit
[2023-10-27 09:47:46.958 Server 15214] Receive command failed, assuming client exit
[2023-10-27 09:47:46.958 Server 15214] Client {15189, 1} exit
[2023-10-27 09:47:46.958 Server 15214] Client disconnected. Number of active client contexts is 6.
[2023-10-27 09:47:46.958 Server 15214] Client {15188, 1} exit
[2023-10-27 09:47:46.958 Server 15214] Client disconnected. Number of active client contexts is 5.
[2023-10-27 09:47:46.973 Server 15214] Receive command failed, assuming client exit
[2023-10-27 09:47:46.973 Server 15214] Receive command failed, assuming client exit
[2023-10-27 09:47:46.973 Server 15214] Client {15182, 1} exit
[2023-10-27 09:47:46.973 Server 15214] Client disconnected. Number of active client contexts is 4.
[2023-10-27 09:47:46.973 Server 15214] Client {15184, 1} exit
[2023-10-27 09:47:46.973 Server 15214] Client disconnected. Number of active client contexts is 3.
[2023-10-27 09:47:46.973 Server 15214] Receive command failed, assuming client exit
[2023-10-27 09:47:46.973 Server 15214] Client {15186, 1} exit
[2023-10-27 09:47:46.973 Server 15214] Client disconnected. Number of active client contexts is 2.
[2023-10-27 09:47:46.981 Server 15214] Receive command failed, assuming client exit
[2023-10-27 09:47:46.981 Server 15214] Client {15181, 1} exit
[2023-10-27 09:47:46.981 Server 15214] Client disconnected. Number of active client contexts is 1.
[2023-10-27 09:47:46.981 Server 15214] Receive command failed, assuming client exit
[2023-10-27 09:47:46.981 Server 15214] Client {15187, 1} exit
[2023-10-27 09:47:46.981 Server 15214] Client disconnected. Number of active client contexts is 0.
[2023-10-27 09:47:46.990 Server 15214] Receive command failed, assuming client exit
[2023-10-27 09:47:46.990 Server 15214] Client process disconnected
[2023-10-27 09:47:46.994 Server 15214] Receive command failed, assuming client exit
[2023-10-27 09:47:46.994 Server 15214] Client process disconnected
[2023-10-27 09:47:46.995 Server 15214] Receive command failed, assuming client exit
[2023-10-27 09:47:46.995 Server 15214] Client process disconnected
[2023-10-27 09:47:46.996 Server 15214] Receive command failed, assuming client exit
[2023-10-27 09:47:46.996 Server 15214] Client process disconnected
[2023-10-27 09:47:47.026 Server 15214] Receive command failed, assuming client exit
[2023-10-27 09:47:47.026 Server 15214] Client process disconnected
[2023-10-27 09:47:47.026 Server 15214] Receive command failed, assuming client exit
[2023-10-27 09:47:47.026 Server 15214] Client process disconnected
[2023-10-27 09:47:47.092 Server 15214] Receive command failed, assuming client exit
[2023-10-27 09:47:47.092 Server 15214] Client process disconnected
[2023-10-27 09:47:47.095 Server 15214] Receive command failed, assuming client exit
[2023-10-27 09:47:47.095 Server 15214] Client process disconnected
[2023-10-27 09:47:47.095 Server 15214] Receive command failed, assuming client exit
[2023-10-27 09:47:47.095 Server 15214] Client process disconnected
[2023-10-27 09:47:47.095 Server 15214] Receive command failed, assuming client exit
[2023-10-27 09:47:47.095 Server 15214] Client process disconnected
[2023-10-27 09:47:47.095 Server 15214] Receive command failed, assuming client exit
[2023-10-27 09:47:47.095 Server 15214] Client process disconnected
